<?xml version="1.0" encoding="UTF-8"?>
<testsuite xmlns:xsi="http://www.w3.org/2001/XMLSchema-instance" xsi:noNamespaceSchemaLocation="https://maven.apache.org/surefire/maven-surefire-plugin/xsd/surefire-test-report.xsd" name="com.example.springneo4jdemo.it.SubjectControllerTest" time="41.642" tests="3" errors="0" skipped="0" failures="0">
  <properties>
[...]
</properties>
  <testcase name="testSomethingUsingBolt" classname="com.example.springneo4jdemo.it.SubjectControllerTest" time="1.592"/>
  <testcase name="testSaveSubject" classname="com.example.springneo4jdemo.it.SubjectControllerTest" time="1.617"/>
  <testcase name="testSaveSubjectwithEmptyBody" classname="com.example.springneo4jdemo.it.SubjectControllerTest" time="0.035"/>
</testsuite>